<?xml version="1.0" encoding="UTF-8"?>
<!DOCTYPE html
PUBLIC "-//W3C//DTD XHTML 1.0 Strict//EN"
"http://www.w3.org/TR/xhtml1/DTD/xhtml1-strict.dtd">
<html><head><title>Guidebook</title><meta http-equiv="Content-Type" content="text/html; charset=utf-8" /><meta http-equiv="Expires" content="-1" /><meta http-equiv="Pragma" content="no-cache" /><link rel="stylesheet" href="https://maxcdn.bootstrapcdn.com/bootstrap/4.0.0-alpha.6/css/bootstrap.min.css" /><link rel="stylesheet" href="https://maxcdn.bootstrapcdn.com/font-awesome/4.7.0/css/font-awesome.min.css" /><link rel="stylesheet" href="app.css" /></head><body><div class="container-fluid"><ul class="nav justify-content-end"><li class="nav-item"><a class="nav-link btn btn-default" href="index.html" title="Desktop (default)"><i class="fa fa-sm fa-desktop"></i></a></li><li class="nav-item"><a class="nav-link btn btn-default" href="index-m.html" title="Mobile"><i class="fa fa-sm fa-mobile"></i></a></li></ul><div class="card mb-3 card-inverse card-danger"><div class="card-block"><h4 class="card-title">Summary - FAILED!!!</h4><blockquote class="card-blockquote"><p>Time: Wed Sep 06 16:32:18 AEST 2017</p><p>Duration: 0 minutes 40 seconds</p><p>Journeys completed: 0 of 1</p><p>Steps completed: 2 of 3</p></blockquote></div></div><h3>AdminSpec</h3><div class="row"><h4 class="col-sm-12">Administrator</h4><h5 class="col-sm-12">when managing the site<span class="badge badge-danger float-right">Completed 2 of 3 (67%)</span></h5></div><div class="row row-eq-height"><div class="col-lg-2 col-md-3 col-sm-4"><figure class="thumbnail"><a class="screenshot" href="screenshots/1d7c9426763eed164af367a87ac839dd3c42c38f-m.png" data-toggle="modal" data-target="#modal" data-step="1d7c9426763eed164af367a87ac839dd3c42c38f" data-journey="Administrator when managing the site" title="should go to the admin section"><img class="figure-img img-fluid img-thumbnail bg-success" src="screenshots/1d7c9426763eed164af367a87ac839dd3c42c38f-m.png" /></a><figcaption class="figure-caption">should go to the admin section</figcaption></figure></div><div class="col-lg-2 col-md-3 col-sm-4"><figure class="thumbnail"><a class="screenshot" href="screenshots/7fc11ed778ae04002e281b283c2ee416fae82b96-m.png" data-toggle="modal" data-target="#modal" data-step="7fc11ed778ae04002e281b283c2ee416fae82b96" data-journey="Administrator when managing the site" title="should log in"><img class="figure-img img-fluid img-thumbnail bg-success" src="screenshots/7fc11ed778ae04002e281b283c2ee416fae82b96-m.png" /></a><figcaption class="figure-caption">should log in</figcaption></figure></div><div class="col-lg-2 col-md-3 col-sm-4"><figure class="thumbnail"><a class="screenshot" href="screenshots/8a8884e7344cf91ea32ce258e6de6cf4ec129638-m.png" data-toggle="modal" data-target="#modal" data-step="8a8884e7344cf91ea32ce258e6de6cf4ec129638" data-journey="Administrator when managing the site" title="should see updates"><img class="figure-img img-fluid img-thumbnail bg-danger" src="screenshots/8a8884e7344cf91ea32ce258e6de6cf4ec129638-m.png" /></a><figcaption class="figure-caption">should see updates<a class="cause text-danger" href="#" alt="should see updates - failed" data-toggle="modal" data-target="#modal" data-cause="org.scalatest.exceptions.TestFailedDueToTimeoutException: The code passed to eventually never returned normally. Attempted 22 times over 2.0374155700000003 seconds. Last failure message: The Option on which value was invoked was not defined..
	at org.scalatest.concurrent.Eventually.tryTryAgain$1(Eventually.scala:432)
	at org.scalatest.concurrent.Eventually.eventually(Eventually.scala:439)
	at org.scalatest.concurrent.Eventually.eventually$(Eventually.scala:391)
	at com.github.wongelz.guidebook.examples.AdminSpec.eventually(AdminSpec.scala:7)
	at com.github.wongelz.guidebook.examples.AdminSpec.$anonfun$new$7(AdminSpec.scala:30)
	at org.scalatest.OutcomeOf.outcomeOf(OutcomeOf.scala:85)
	at org.scalatest.OutcomeOf.outcomeOf$(OutcomeOf.scala:83)
	at org.scalatest.OutcomeOf$.outcomeOf(OutcomeOf.scala:104)
	at org.scalatest.Transformer.apply(Transformer.scala:22)
	at org.scalatest.Transformer.apply(Transformer.scala:20)
	at org.scalatest.WordSpecLike$$anon$1.apply(WordSpecLike.scala:1078)
	at org.scalatest.TestSuite.withFixture(TestSuite.scala:196)
	at org.scalatest.TestSuite.withFixture$(TestSuite.scala:195)
	at com.github.wongelz.guidebook.examples.AdminSpec.org$scalatest$CancelAfterFailure$$super$withFixture(AdminSpec.scala:7)
	at org.scalatest.CancelAfterFailure.withFixture(CancelAfterFailure.scala:50)
	at org.scalatest.CancelAfterFailure.withFixture$(CancelAfterFailure.scala:46)
	at com.github.wongelz.guidebook.examples.AdminSpec.withFixture(AdminSpec.scala:7)
	at org.scalatest.WordSpecLike.invokeWithFixture$1(WordSpecLike.scala:1076)
	at org.scalatest.WordSpecLike.$anonfun$runTest$1(WordSpecLike.scala:1088)
	at org.scalatest.SuperEngine.runTestImpl(Engine.scala:289)
	at org.scalatest.WordSpecLike.runTest(WordSpecLike.scala:1088)
	at org.scalatest.WordSpecLike.runTest$(WordSpecLike.scala:1070)
	at com.github.wongelz.guidebook.examples.AdminSpec.com$github$wongelz$guidebook$Guidebook$$super$runTest(AdminSpec.scala:7)
	at com.github.wongelz.guidebook.Guidebook.runTest(Guidebook.scala:32)
	at com.github.wongelz.guidebook.Guidebook.runTest$(Guidebook.scala:28)
	at com.github.wongelz.guidebook.examples.AdminSpec.runTest(AdminSpec.scala:7)
	at org.scalatest.WordSpecLike.$anonfun$runTests$1(WordSpecLike.scala:1147)
	at org.scalatest.SuperEngine.$anonfun$runTestsInBranch$1(Engine.scala:396)
	at scala.collection.immutable.List.foreach(List.scala:389)
	at org.scalatest.SuperEngine.traverseSubNodes$1(Engine.scala:384)
	at org.scalatest.SuperEngine.runTestsInBranch(Engine.scala:373)
	at org.scalatest.SuperEngine.$anonfun$runTestsInBranch$1(Engine.scala:410)
	at scala.collection.immutable.List.foreach(List.scala:389)
	at org.scalatest.SuperEngine.traverseSubNodes$1(Engine.scala:384)
	at org.scalatest.SuperEngine.runTestsInBranch(Engine.scala:373)
	at org.scalatest.SuperEngine.$anonfun$runTestsInBranch$1(Engine.scala:410)
	at scala.collection.immutable.List.foreach(List.scala:389)
	at org.scalatest.SuperEngine.traverseSubNodes$1(Engine.scala:384)
	at org.scalatest.SuperEngine.runTestsInBranch(Engine.scala:379)
	at org.scalatest.SuperEngine.runTestsImpl(Engine.scala:461)
	at org.scalatest.WordSpecLike.runTests(WordSpecLike.scala:1147)
	at org.scalatest.WordSpecLike.runTests$(WordSpecLike.scala:1146)
	at org.scalatest.WordSpec.runTests(WordSpec.scala:1881)
	at org.scalatest.Suite.run(Suite.scala:1147)
	at org.scalatest.Suite.run$(Suite.scala:1129)
	at org.scalatest.WordSpec.org$scalatest$WordSpecLike$$super$run(WordSpec.scala:1881)
	at org.scalatest.WordSpecLike.$anonfun$run$1(WordSpecLike.scala:1192)
	at org.scalatest.SuperEngine.runImpl(Engine.scala:521)
	at org.scalatest.WordSpecLike.run(WordSpecLike.scala:1192)
	at org.scalatest.WordSpecLike.run$(WordSpecLike.scala:1190)
	at com.github.wongelz.guidebook.examples.AdminSpec.org$scalatest$BeforeAndAfterAll$$super$run(AdminSpec.scala:7)
	at org.scalatest.BeforeAndAfterAll.liftedTree1$1(BeforeAndAfterAll.scala:213)
	at org.scalatest.BeforeAndAfterAll.run(BeforeAndAfterAll.scala:210)
	at org.scalatest.BeforeAndAfterAll.run$(BeforeAndAfterAll.scala:208)
	at com.github.wongelz.guidebook.examples.AdminSpec.com$github$wongelz$guidebook$Guidebook$$super$run(AdminSpec.scala:7)
	at com.github.wongelz.guidebook.Guidebook.run(Guidebook.scala:25)
	at com.github.wongelz.guidebook.Guidebook.run$(Guidebook.scala:20)
	at com.github.wongelz.guidebook.examples.AdminSpec.run(AdminSpec.scala:7)
	at org.scalatest.tools.SuiteRunner.run(SuiteRunner.scala:45)
	at org.scalatest.tools.Runner$.$anonfun$doRunRunRunDaDoRunRun$13(Runner.scala:1340)
	at org.scalatest.tools.Runner$.$anonfun$doRunRunRunDaDoRunRun$13$adapted(Runner.scala:1334)
	at scala.collection.immutable.List.foreach(List.scala:389)
	at org.scalatest.tools.Runner$.doRunRunRunDaDoRunRun(Runner.scala:1334)
	at org.scalatest.tools.Runner$.$anonfun$runOptionallyWithPassFailReporter$24(Runner.scala:1031)
	at org.scalatest.tools.Runner$.$anonfun$runOptionallyWithPassFailReporter$24$adapted(Runner.scala:1010)
	at org.scalatest.tools.Runner$.withClassLoaderAndDispatchReporter(Runner.scala:1500)
	at org.scalatest.tools.Runner$.runOptionallyWithPassFailReporter(Runner.scala:1010)
	at org.scalatest.tools.Runner$.run(Runner.scala:850)
	at org.scalatest.tools.Runner.run(Runner.scala)
	at org.jetbrains.plugins.scala.testingSupport.scalaTest.ScalaTestRunner.runScalaTest2(ScalaTestRunner.java:138)
	at org.jetbrains.plugins.scala.testingSupport.scalaTest.ScalaTestRunner.main(ScalaTestRunner.java:28)
Caused by: org.scalatest.exceptions.TestFailedException: The Option on which value was invoked was not defined.
	at org.scalatest.OptionValues$Valuable.value(OptionValues.scala:114)
	at com.github.wongelz.guidebook.examples.AdminSpec.$anonfun$new$8(AdminSpec.scala:31)
	at org.scalatest.concurrent.Eventually.makeAValiantAttempt$1(Eventually.scala:395)
	at org.scalatest.concurrent.Eventually.tryTryAgain$1(Eventually.scala:409)
	... 70 more
Caused by: java.util.NoSuchElementException: None.get
	at scala.None$.get(Option.scala:349)
	at scala.None$.get(Option.scala:347)
	at org.scalatest.OptionValues$Valuable.value(OptionValues.scala:110)
	... 73 more
"><i class="fa fa-question-circle" aria-hidden="true"></i></a></figcaption></figure></div></div><div id="modal" class="modal fade" tabindex="-1" role="dialog"><div class="modal-dialog modal-lg" role="document"><div class="modal-content"><div class="modal-header"><h5 class="modal-title">Failure</h5><button type="button" class="close" data-dismiss="modal" aria-label="Close"><span aria-hidden="true">&times;</span></button></div><div id="modal-body-screenshot" class="modal-body hidden"><figure class="thumbnail"><a target="_blank"><img class="img-fluid img-thumbnail" /></a><figcaption class="figure-caption"></figcaption></figure></div><div id="modal-body-cause" class="modal-body hidden"><pre><code></code></pre></div><div id="modal-body-message" class="modal-body hidden"></div><div class="modal-footer hidden"><nav><ul class="pagination pagination-sm justify-content-center"></ul></nav></div></div></div></div></div><script src="https://code.jquery.com/jquery-3.1.1.slim.min.js"></script><script src="https://cdnjs.cloudflare.com/ajax/libs/tether/1.4.0/js/tether.min.js"></script><script src="https://maxcdn.bootstrapcdn.com/bootstrap/4.0.0-alpha.6/js/bootstrap.min.js"></script><script src="app.js"></script></body></html>
